
*** Running vivado
    with args -log system_xadc_0.vds -m64 -product Vivado -mode batch -messageDb vivado.pb -notrace -source system_xadc_0.tcl



****** Vivado v2020.1 (64-bit)
  **** SW Build 2902540 on Wed May 27 19:54:49 MDT 2020
  **** IP Build 2902112 on Wed May 27 22:43:36 MDT 2020
    ** Copyright 1986-2020 Xilinx, Inc. All Rights Reserved.

source system_xadc_0.tcl -notrace
Command: synth_design -top system_xadc_0 -part xc7z010clg400-1 -mode out_of_context
Starting synth_design
Attempting to get a license for feature 'Synthesis' and/or device 'xc7z010'
INFO: [Common 17-349] Got license for feature 'Synthesis' and/or device 'xc7z010'
INFO: [Device 21-403] Loading part xc7z010clg400-1
INFO: [Synth 8-7079] Multithreading enabled for synth_design using a maximum of 2 processes.
INFO: [Synth 8-7078] Launching helper process for spawning children vivado processes
INFO: [Synth 8-7075] Helper process launched with PID 17532
---------------------------------------------------------------------------------
Starting RTL Elaboration : Time (s): cpu = 00:00:05 ; elapsed = 00:00:05 . Memory (MB): peak = 1020.688 ; gain = 0.000
---------------------------------------------------------------------------------
INFO: [Synth 8-6157] synthesizing module 'system_xadc_0' [c:/Users/Ian/Desktop/OIST/RedPitaya/ReferenceTest/prj/v0.94/project/redpitaya.srcs/sources_1/bd/system/ip/system_xadc_0/system_xadc_0.v:53]
INFO: [Synth 8-638] synthesizing module 'system_xadc_0_axi_xadc' [c:/Users/Ian/Desktop/OIST/RedPitaya/ReferenceTest/prj/v0.94/project/redpitaya.srcs/sources_1/bd/system/ip/system_xadc_0/system_xadc_0_axi_xadc.vhd:243]
	Parameter C_INSTANCE bound to: system_xadc_0_axi_xadc - type: string 
	Parameter C_FAMILY bound to: virtex7 - type: string 
	Parameter C_S_AXI_ADDR_WIDTH bound to: 11 - type: integer 
	Parameter C_S_AXI_DATA_WIDTH bound to: 32 - type: integer 
	Parameter C_INCLUDE_INTR bound to: 1 - type: integer 
	Parameter C_SIM_MONITOR_FILE bound to: design.txt - type: string 
INFO: [Synth 8-638] synthesizing module 'system_xadc_0_axi_lite_ipif' [c:/Users/Ian/Desktop/OIST/RedPitaya/ReferenceTest/prj/v0.94/project/redpitaya.srcs/sources_1/bd/system/ip/system_xadc_0/axi_lite_ipif_v1_01_a/hdl/src/vhdl/system_xadc_0_axi_lite_ipif.vhd:241]
	Parameter C_S_AXI_DATA_WIDTH bound to: 32 - type: integer 
	Parameter C_S_AXI_ADDR_WIDTH bound to: 11 - type: integer 
	Parameter C_S_AXI_MIN_SIZE bound to: 32'b00000000000000000000001111111111 
	Parameter C_USE_WSTRB bound to: 1 - type: integer 
	Parameter C_DPHASE_TIMEOUT bound to: 64 - type: integer 
	Parameter C_ARD_ADDR_RANGE_ARRAY bound to: 384'b000000000000000000000000000000000000000000000000000000000000000000000000000000000000000000000000000000000000000000000000000111110000000000000000000000000000000000000000000000000000000001000000000000000000000000000000000000000000000000000000000000000111111100000000000000000000000000000000000000000000000000000010000000000000000000000000000000000000000000000000000000000000001111111111 
	Parameter C_ARD_NUM_CE_ARRAY bound to: 96'b000000000000000000000000000010000000000000000000000000000001000000000000000000000000000000000001 
	Parameter C_FAMILY bound to: virtex7 - type: string 
INFO: [Synth 8-638] synthesizing module 'system_xadc_0_slave_attachment' [c:/Users/Ian/Desktop/OIST/RedPitaya/ReferenceTest/prj/v0.94/project/redpitaya.srcs/sources_1/bd/system/ip/system_xadc_0/axi_lite_ipif_v1_01_a/hdl/src/vhdl/system_xadc_0_slave_attachment.vhd:227]
	Parameter C_ARD_ADDR_RANGE_ARRAY bound to: 384'b000000000000000000000000000000000000000000000000000000000000000000000000000000000000000000000000000000000000000000000000000111110000000000000000000000000000000000000000000000000000000001000000000000000000000000000000000000000000000000000000000000000111111100000000000000000000000000000000000000000000000000000010000000000000000000000000000000000000000000000000000000000000001111111111 
	Parameter C_ARD_NUM_CE_ARRAY bound to: 96'b000000000000000000000000000010000000000000000000000000000001000000000000000000000000000000000001 
	Parameter C_IPIF_ABUS_WIDTH bound to: 11 - type: integer 
	Parameter C_IPIF_DBUS_WIDTH bound to: 32 - type: integer 
	Parameter C_S_AXI_MIN_SIZE bound to: 1023 - type: integer 
	Parameter C_USE_WSTRB bound to: 1 - type: integer 
	Parameter C_DPHASE_TIMEOUT bound to: 64 - type: integer 
	Parameter C_FAMILY bound to: virtex7 - type: string 
INFO: [Synth 8-638] synthesizing module 'system_xadc_0_address_decoder' [c:/Users/Ian/Desktop/OIST/RedPitaya/ReferenceTest/prj/v0.94/project/redpitaya.srcs/sources_1/bd/system/ip/system_xadc_0/axi_lite_ipif_v1_01_a/hdl/src/vhdl/system_xadc_0_address_decoder.vhd:176]
	Parameter C_BUS_AWIDTH bound to: 10 - type: integer 
	Parameter C_S_AXI_MIN_SIZE bound to: 1023 - type: integer 
	Parameter C_ARD_ADDR_RANGE_ARRAY bound to: 384'b000000000000000000000000000000000000000000000000000000000000000000000000000000000000000000000000000000000000000000000000000111110000000000000000000000000000000000000000000000000000000001000000000000000000000000000000000000000000000000000000000000000111111100000000000000000000000000000000000000000000000000000010000000000000000000000000000000000000000000000000000000000000001111111111 
	Parameter C_ARD_NUM_CE_ARRAY bound to: 96'b000000000000000000000000000010000000000000000000000000000001000000000000000000000000000000000001 
	Parameter C_FAMILY bound to: nofamily - type: string 
INFO: [Synth 8-638] synthesizing module 'system_xadc_0_pselect_f' [c:/Users/Ian/Desktop/OIST/RedPitaya/ReferenceTest/prj/v0.94/project/redpitaya.srcs/sources_1/bd/system/ip/system_xadc_0/proc_common_v3_30_a/hdl/src/vhdl/system_xadc_0_pselect_f.vhd:167]
	Parameter C_AB bound to: 5 - type: integer 
	Parameter C_AW bound to: 10 - type: integer 
	Parameter C_BAR bound to: 10'b0000000000 
	Parameter C_FAMILY bound to: nofamily - type: string 
INFO: [Synth 8-256] done synthesizing module 'system_xadc_0_pselect_f' (1#1) [c:/Users/Ian/Desktop/OIST/RedPitaya/ReferenceTest/prj/v0.94/project/redpitaya.srcs/sources_1/bd/system/ip/system_xadc_0/proc_common_v3_30_a/hdl/src/vhdl/system_xadc_0_pselect_f.vhd:167]
INFO: [Synth 8-638] synthesizing module 'system_xadc_0_pselect_f__parameterized0' [c:/Users/Ian/Desktop/OIST/RedPitaya/ReferenceTest/prj/v0.94/project/redpitaya.srcs/sources_1/bd/system/ip/system_xadc_0/proc_common_v3_30_a/hdl/src/vhdl/system_xadc_0_pselect_f.vhd:167]
	Parameter C_AB bound to: 3 - type: integer 
	Parameter C_AW bound to: 3 - type: integer 
	Parameter C_BAR bound to: 3'b000 
	Parameter C_FAMILY bound to: nofamily - type: string 
INFO: [Synth 8-256] done synthesizing module 'system_xadc_0_pselect_f__parameterized0' (1#1) [c:/Users/Ian/Desktop/OIST/RedPitaya/ReferenceTest/prj/v0.94/project/redpitaya.srcs/sources_1/bd/system/ip/system_xadc_0/proc_common_v3_30_a/hdl/src/vhdl/system_xadc_0_pselect_f.vhd:167]
INFO: [Synth 8-638] synthesizing module 'system_xadc_0_pselect_f__parameterized1' [c:/Users/Ian/Desktop/OIST/RedPitaya/ReferenceTest/prj/v0.94/project/redpitaya.srcs/sources_1/bd/system/ip/system_xadc_0/proc_common_v3_30_a/hdl/src/vhdl/system_xadc_0_pselect_f.vhd:167]
	Parameter C_AB bound to: 3 - type: integer 
	Parameter C_AW bound to: 3 - type: integer 
	Parameter C_BAR bound to: 3'b001 
	Parameter C_FAMILY bound to: nofamily - type: string 
INFO: [Synth 8-256] done synthesizing module 'system_xadc_0_pselect_f__parameterized1' (1#1) [c:/Users/Ian/Desktop/OIST/RedPitaya/ReferenceTest/prj/v0.94/project/redpitaya.srcs/sources_1/bd/system/ip/system_xadc_0/proc_common_v3_30_a/hdl/src/vhdl/system_xadc_0_pselect_f.vhd:167]
INFO: [Synth 8-638] synthesizing module 'system_xadc_0_pselect_f__parameterized2' [c:/Users/Ian/Desktop/OIST/RedPitaya/ReferenceTest/prj/v0.94/project/redpitaya.srcs/sources_1/bd/system/ip/system_xadc_0/proc_common_v3_30_a/hdl/src/vhdl/system_xadc_0_pselect_f.vhd:167]
	Parameter C_AB bound to: 3 - type: integer 
	Parameter C_AW bound to: 3 - type: integer 
	Parameter C_BAR bound to: 3'b010 
	Parameter C_FAMILY bound to: nofamily - type: string 
INFO: [Synth 8-256] done synthesizing module 'system_xadc_0_pselect_f__parameterized2' (1#1) [c:/Users/Ian/Desktop/OIST/RedPitaya/ReferenceTest/prj/v0.94/project/redpitaya.srcs/sources_1/bd/system/ip/system_xadc_0/proc_common_v3_30_a/hdl/src/vhdl/system_xadc_0_pselect_f.vhd:167]
INFO: [Synth 8-638] synthesizing module 'system_xadc_0_pselect_f__parameterized3' [c:/Users/Ian/Desktop/OIST/RedPitaya/ReferenceTest/prj/v0.94/project/redpitaya.srcs/sources_1/bd/system/ip/system_xadc_0/proc_common_v3_30_a/hdl/src/vhdl/system_xadc_0_pselect_f.vhd:167]
	Parameter C_AB bound to: 3 - type: integer 
	Parameter C_AW bound to: 3 - type: integer 
	Parameter C_BAR bound to: 3'b011 
	Parameter C_FAMILY bound to: nofamily - type: string 
INFO: [Synth 8-256] done synthesizing module 'system_xadc_0_pselect_f__parameterized3' (1#1) [c:/Users/Ian/Desktop/OIST/RedPitaya/ReferenceTest/prj/v0.94/project/redpitaya.srcs/sources_1/bd/system/ip/system_xadc_0/proc_common_v3_30_a/hdl/src/vhdl/system_xadc_0_pselect_f.vhd:167]
INFO: [Synth 8-638] synthesizing module 'system_xadc_0_pselect_f__parameterized4' [c:/Users/Ian/Desktop/OIST/RedPitaya/ReferenceTest/prj/v0.94/project/redpitaya.srcs/sources_1/bd/system/ip/system_xadc_0/proc_common_v3_30_a/hdl/src/vhdl/system_xadc_0_pselect_f.vhd:167]
	Parameter C_AB bound to: 3 - type: integer 
	Parameter C_AW bound to: 3 - type: integer 
	Parameter C_BAR bound to: 3'b100 
	Parameter C_FAMILY bound to: nofamily - type: string 
INFO: [Synth 8-256] done synthesizing module 'system_xadc_0_pselect_f__parameterized4' (1#1) [c:/Users/Ian/Desktop/OIST/RedPitaya/ReferenceTest/prj/v0.94/project/redpitaya.srcs/sources_1/bd/system/ip/system_xadc_0/proc_common_v3_30_a/hdl/src/vhdl/system_xadc_0_pselect_f.vhd:167]
INFO: [Synth 8-638] synthesizing module 'system_xadc_0_pselect_f__parameterized5' [c:/Users/Ian/Desktop/OIST/RedPitaya/ReferenceTest/prj/v0.94/project/redpitaya.srcs/sources_1/bd/system/ip/system_xadc_0/proc_common_v3_30_a/hdl/src/vhdl/system_xadc_0_pselect_f.vhd:167]
	Parameter C_AB bound to: 3 - type: integer 
	Parameter C_AW bound to: 3 - type: integer 
	Parameter C_BAR bound to: 3'b101 
	Parameter C_FAMILY bound to: nofamily - type: string 
INFO: [Synth 8-256] done synthesizing module 'system_xadc_0_pselect_f__parameterized5' (1#1) [c:/Users/Ian/Desktop/OIST/RedPitaya/ReferenceTest/prj/v0.94/project/redpitaya.srcs/sources_1/bd/system/ip/system_xadc_0/proc_common_v3_30_a/hdl/src/vhdl/system_xadc_0_pselect_f.vhd:167]
INFO: [Synth 8-638] synthesizing module 'system_xadc_0_pselect_f__parameterized6' [c:/Users/Ian/Desktop/OIST/RedPitaya/ReferenceTest/prj/v0.94/project/redpitaya.srcs/sources_1/bd/system/ip/system_xadc_0/proc_common_v3_30_a/hdl/src/vhdl/system_xadc_0_pselect_f.vhd:167]
	Parameter C_AB bound to: 3 - type: integer 
	Parameter C_AW bound to: 3 - type: integer 
	Parameter C_BAR bound to: 3'b110 
	Parameter C_FAMILY bound to: nofamily - type: string 
INFO: [Synth 8-256] done synthesizing module 'system_xadc_0_pselect_f__parameterized6' (1#1) [c:/Users/Ian/Desktop/OIST/RedPitaya/ReferenceTest/prj/v0.94/project/redpitaya.srcs/sources_1/bd/system/ip/system_xadc_0/proc_common_v3_30_a/hdl/src/vhdl/system_xadc_0_pselect_f.vhd:167]
INFO: [Synth 8-638] synthesizing module 'system_xadc_0_pselect_f__parameterized7' [c:/Users/Ian/Desktop/OIST/RedPitaya/ReferenceTest/prj/v0.94/project/redpitaya.srcs/sources_1/bd/system/ip/system_xadc_0/proc_common_v3_30_a/hdl/src/vhdl/system_xadc_0_pselect_f.vhd:167]
	Parameter C_AB bound to: 3 - type: integer 
	Parameter C_AW bound to: 3 - type: integer 
	Parameter C_BAR bound to: 3'b111 
	Parameter C_FAMILY bound to: nofamily - type: string 
INFO: [Synth 8-256] done synthesizing module 'system_xadc_0_pselect_f__parameterized7' (1#1) [c:/Users/Ian/Desktop/OIST/RedPitaya/ReferenceTest/prj/v0.94/project/redpitaya.srcs/sources_1/bd/system/ip/system_xadc_0/proc_common_v3_30_a/hdl/src/vhdl/system_xadc_0_pselect_f.vhd:167]
INFO: [Synth 8-638] synthesizing module 'system_xadc_0_pselect_f__parameterized8' [c:/Users/Ian/Desktop/OIST/RedPitaya/ReferenceTest/prj/v0.94/project/redpitaya.srcs/sources_1/bd/system/ip/system_xadc_0/proc_common_v3_30_a/hdl/src/vhdl/system_xadc_0_pselect_f.vhd:167]
	Parameter C_AB bound to: 4 - type: integer 
	Parameter C_AW bound to: 10 - type: integer 
	Parameter C_BAR bound to: 10'b0001000000 
	Parameter C_FAMILY bound to: nofamily - type: string 
INFO: [Synth 8-256] done synthesizing module 'system_xadc_0_pselect_f__parameterized8' (1#1) [c:/Users/Ian/Desktop/OIST/RedPitaya/ReferenceTest/prj/v0.94/project/redpitaya.srcs/sources_1/bd/system/ip/system_xadc_0/proc_common_v3_30_a/hdl/src/vhdl/system_xadc_0_pselect_f.vhd:167]
INFO: [Synth 8-638] synthesizing module 'system_xadc_0_pselect_f__parameterized9' [c:/Users/Ian/Desktop/OIST/RedPitaya/ReferenceTest/prj/v0.94/project/redpitaya.srcs/sources_1/bd/system/ip/system_xadc_0/proc_common_v3_30_a/hdl/src/vhdl/system_xadc_0_pselect_f.vhd:167]
	Parameter C_AB bound to: 4 - type: integer 
	Parameter C_AW bound to: 4 - type: integer 
	Parameter C_BAR bound to: 4'b0000 
	Parameter C_FAMILY bound to: nofamily - type: string 
INFO: [Synth 8-256] done synthesizing module 'system_xadc_0_pselect_f__parameterized9' (1#1) [c:/Users/Ian/Desktop/OIST/RedPitaya/ReferenceTest/prj/v0.94/project/redpitaya.srcs/sources_1/bd/system/ip/system_xadc_0/proc_common_v3_30_a/hdl/src/vhdl/system_xadc_0_pselect_f.vhd:167]
INFO: [Synth 8-638] synthesizing module 'system_xadc_0_pselect_f__parameterized10' [c:/Users/Ian/Desktop/OIST/RedPitaya/ReferenceTest/prj/v0.94/project/redpitaya.srcs/sources_1/bd/system/ip/system_xadc_0/proc_common_v3_30_a/hdl/src/vhdl/system_xadc_0_pselect_f.vhd:167]
	Parameter C_AB bound to: 4 - type: integer 
	Parameter C_AW bound to: 4 - type: integer 
	Parameter C_BAR bound to: 4'b0001 
	Parameter C_FAMILY bound to: nofamily - type: string 
INFO: [Synth 8-256] done synthesizing module 'system_xadc_0_pselect_f__parameterized10' (1#1) [c:/Users/Ian/Desktop/OIST/RedPitaya/ReferenceTest/prj/v0.94/project/redpitaya.srcs/sources_1/bd/system/ip/system_xadc_0/proc_common_v3_30_a/hdl/src/vhdl/system_xadc_0_pselect_f.vhd:167]
INFO: [Synth 8-638] synthesizing module 'system_xadc_0_pselect_f__parameterized11' [c:/Users/Ian/Desktop/OIST/RedPitaya/ReferenceTest/prj/v0.94/project/redpitaya.srcs/sources_1/bd/system/ip/system_xadc_0/proc_common_v3_30_a/hdl/src/vhdl/system_xadc_0_pselect_f.vhd:167]
	Parameter C_AB bound to: 4 - type: integer 
	Parameter C_AW bound to: 4 - type: integer 
	Parameter C_BAR bound to: 4'b0010 
	Parameter C_FAMILY bound to: nofamily - type: string 
INFO: [Synth 8-256] done synthesizing module 'system_xadc_0_pselect_f__parameterized11' (1#1) [c:/Users/Ian/Desktop/OIST/RedPitaya/ReferenceTest/prj/v0.94/project/redpitaya.srcs/sources_1/bd/system/ip/system_xadc_0/proc_common_v3_30_a/hdl/src/vhdl/system_xadc_0_pselect_f.vhd:167]
INFO: [Synth 8-638] synthesizing module 'system_xadc_0_pselect_f__parameterized12' [c:/Users/Ian/Desktop/OIST/RedPitaya/ReferenceTest/prj/v0.94/project/redpitaya.srcs/sources_1/bd/system/ip/system_xadc_0/proc_common_v3_30_a/hdl/src/vhdl/system_xadc_0_pselect_f.vhd:167]
	Parameter C_AB bound to: 4 - type: integer 
	Parameter C_AW bound to: 4 - type: integer 
	Parameter C_BAR bound to: 4'b0011 
	Parameter C_FAMILY bound to: nofamily - type: string 
INFO: [Synth 8-256] done synthesizing module 'system_xadc_0_pselect_f__parameterized12' (1#1) [c:/Users/Ian/Desktop/OIST/RedPitaya/ReferenceTest/prj/v0.94/project/redpitaya.srcs/sources_1/bd/system/ip/system_xadc_0/proc_common_v3_30_a/hdl/src/vhdl/system_xadc_0_pselect_f.vhd:167]
INFO: [Synth 8-638] synthesizing module 'system_xadc_0_pselect_f__parameterized13' [c:/Users/Ian/Desktop/OIST/RedPitaya/ReferenceTest/prj/v0.94/project/redpitaya.srcs/sources_1/bd/system/ip/system_xadc_0/proc_common_v3_30_a/hdl/src/vhdl/system_xadc_0_pselect_f.vhd:167]
	Parameter C_AB bound to: 4 - type: integer 
	Parameter C_AW bound to: 4 - type: integer 
	Parameter C_BAR bound to: 4'b0100 
	Parameter C_FAMILY bound to: nofamily - type: string 
INFO: [Synth 8-256] done synthesizing module 'system_xadc_0_pselect_f__parameterized13' (1#1) [c:/Users/Ian/Desktop/OIST/RedPitaya/ReferenceTest/prj/v0.94/project/redpitaya.srcs/sources_1/bd/system/ip/system_xadc_0/proc_common_v3_30_a/hdl/src/vhdl/system_xadc_0_pselect_f.vhd:167]
INFO: [Synth 8-638] synthesizing module 'system_xadc_0_pselect_f__parameterized14' [c:/Users/Ian/Desktop/OIST/RedPitaya/ReferenceTest/prj/v0.94/project/redpitaya.srcs/sources_1/bd/system/ip/system_xadc_0/proc_common_v3_30_a/hdl/src/vhdl/system_xadc_0_pselect_f.vhd:167]
	Parameter C_AB bound to: 4 - type: integer 
	Parameter C_AW bound to: 4 - type: integer 
	Parameter C_BAR bound to: 4'b0101 
	Parameter C_FAMILY bound to: nofamily - type: string 
INFO: [Synth 8-256] done synthesizing module 'system_xadc_0_pselect_f__parameterized14' (1#1) [c:/Users/Ian/Desktop/OIST/RedPitaya/ReferenceTest/prj/v0.94/project/redpitaya.srcs/sources_1/bd/system/ip/system_xadc_0/proc_common_v3_30_a/hdl/src/vhdl/system_xadc_0_pselect_f.vhd:167]
INFO: [Synth 8-638] synthesizing module 'system_xadc_0_pselect_f__parameterized15' [c:/Users/Ian/Desktop/OIST/RedPitaya/ReferenceTest/prj/v0.94/project/redpitaya.srcs/sources_1/bd/system/ip/system_xadc_0/proc_common_v3_30_a/hdl/src/vhdl/system_xadc_0_pselect_f.vhd:167]
	Parameter C_AB bound to: 4 - type: integer 
	Parameter C_AW bound to: 4 - type: integer 
	Parameter C_BAR bound to: 4'b0110 
	Parameter C_FAMILY bound to: nofamily - type: string 
INFO: [Synth 8-256] done synthesizing module 'system_xadc_0_pselect_f__parameterized15' (1#1) [c:/Users/Ian/Desktop/OIST/RedPitaya/ReferenceTest/prj/v0.94/project/redpitaya.srcs/sources_1/bd/system/ip/system_xadc_0/proc_common_v3_30_a/hdl/src/vhdl/system_xadc_0_pselect_f.vhd:167]
INFO: [Synth 8-638] synthesizing module 'system_xadc_0_pselect_f__parameterized16' [c:/Users/Ian/Desktop/OIST/RedPitaya/ReferenceTest/prj/v0.94/project/redpitaya.srcs/sources_1/bd/system/ip/system_xadc_0/proc_common_v3_30_a/hdl/src/vhdl/system_xadc_0_pselect_f.vhd:167]
	Parameter C_AB bound to: 4 - type: integer 
	Parameter C_AW bound to: 4 - type: integer 
	Parameter C_BAR bound to: 4'b0111 
	Parameter C_FAMILY bound to: nofamily - type: string 
INFO: [Synth 8-256] done synthesizing module 'system_xadc_0_pselect_f__parameterized16' (1#1) [c:/Users/Ian/Desktop/OIST/RedPitaya/ReferenceTest/prj/v0.94/project/redpitaya.srcs/sources_1/bd/system/ip/system_xadc_0/proc_common_v3_30_a/hdl/src/vhdl/system_xadc_0_pselect_f.vhd:167]
INFO: [Synth 8-638] synthesizing module 'system_xadc_0_pselect_f__parameterized17' [c:/Users/Ian/Desktop/OIST/RedPitaya/ReferenceTest/prj/v0.94/project/redpitaya.srcs/sources_1/bd/system/ip/system_xadc_0/proc_common_v3_30_a/hdl/src/vhdl/system_xadc_0_pselect_f.vhd:167]
	Parameter C_AB bound to: 4 - type: integer 
	Parameter C_AW bound to: 4 - type: integer 
	Parameter C_BAR bound to: 4'b1000 
	Parameter C_FAMILY bound to: nofamily - type: string 
INFO: [Synth 8-256] done synthesizing module 'system_xadc_0_pselect_f__parameterized17' (1#1) [c:/Users/Ian/Desktop/OIST/RedPitaya/ReferenceTest/prj/v0.94/project/redpitaya.srcs/sources_1/bd/system/ip/system_xadc_0/proc_common_v3_30_a/hdl/src/vhdl/system_xadc_0_pselect_f.vhd:167]
INFO: [Synth 8-638] synthesizing module 'system_xadc_0_pselect_f__parameterized18' [c:/Users/Ian/Desktop/OIST/RedPitaya/ReferenceTest/prj/v0.94/project/redpitaya.srcs/sources_1/bd/system/ip/system_xadc_0/proc_common_v3_30_a/hdl/src/vhdl/system_xadc_0_pselect_f.vhd:167]
	Parameter C_AB bound to: 4 - type: integer 
	Parameter C_AW bound to: 4 - type: integer 
	Parameter C_BAR bound to: 4'b1001 
	Parameter C_FAMILY bound to: nofamily - type: string 
INFO: [Synth 8-256] done synthesizing module 'system_xadc_0_pselect_f__parameterized18' (1#1) [c:/Users/Ian/Desktop/OIST/RedPitaya/ReferenceTest/prj/v0.94/project/redpitaya.srcs/sources_1/bd/system/ip/system_xadc_0/proc_common_v3_30_a/hdl/src/vhdl/system_xadc_0_pselect_f.vhd:167]
INFO: [Synth 8-638] synthesizing module 'system_xadc_0_pselect_f__parameterized19' [c:/Users/Ian/Desktop/OIST/RedPitaya/ReferenceTest/prj/v0.94/project/redpitaya.srcs/sources_1/bd/system/ip/system_xadc_0/proc_common_v3_30_a/hdl/src/vhdl/system_xadc_0_pselect_f.vhd:167]
	Parameter C_AB bound to: 4 - type: integer 
	Parameter C_AW bound to: 4 - type: integer 
	Parameter C_BAR bound to: 4'b1010 
	Parameter C_FAMILY bound to: nofamily - type: string 
INFO: [Synth 8-256] done synthesizing module 'system_xadc_0_pselect_f__parameterized19' (1#1) [c:/Users/Ian/Desktop/OIST/RedPitaya/ReferenceTest/prj/v0.94/project/redpitaya.srcs/sources_1/bd/system/ip/system_xadc_0/proc_common_v3_30_a/hdl/src/vhdl/system_xadc_0_pselect_f.vhd:167]
INFO: [Synth 8-638] synthesizing module 'system_xadc_0_pselect_f__parameterized20' [c:/Users/Ian/Desktop/OIST/RedPitaya/ReferenceTest/prj/v0.94/project/redpitaya.srcs/sources_1/bd/system/ip/system_xadc_0/proc_common_v3_30_a/hdl/src/vhdl/system_xadc_0_pselect_f.vhd:167]
	Parameter C_AB bound to: 4 - type: integer 
	Parameter C_AW bound to: 4 - type: integer 
	Parameter C_BAR bound to: 4'b1011 
	Parameter C_FAMILY bound to: nofamily - type: string 
INFO: [Synth 8-256] done synthesizing module 'system_xadc_0_pselect_f__parameterized20' (1#1) [c:/Users/Ian/Desktop/OIST/RedPitaya/ReferenceTest/prj/v0.94/project/redpitaya.srcs/sources_1/bd/system/ip/system_xadc_0/proc_common_v3_30_a/hdl/src/vhdl/system_xadc_0_pselect_f.vhd:167]
INFO: [Synth 8-638] synthesizing module 'system_xadc_0_pselect_f__parameterized21' [c:/Users/Ian/Desktop/OIST/RedPitaya/ReferenceTest/prj/v0.94/project/redpitaya.srcs/sources_1/bd/system/ip/system_xadc_0/proc_common_v3_30_a/hdl/src/vhdl/system_xadc_0_pselect_f.vhd:167]
	Parameter C_AB bound to: 4 - type: integer 
	Parameter C_AW bound to: 4 - type: integer 
	Parameter C_BAR bound to: 4'b1100 
	Parameter C_FAMILY bound to: nofamily - type: string 
INFO: [Synth 8-256] done synthesizing module 'system_xadc_0_pselect_f__parameterized21' (1#1) [c:/Users/Ian/Desktop/OIST/RedPitaya/ReferenceTest/prj/v0.94/project/redpitaya.srcs/sources_1/bd/system/ip/system_xadc_0/proc_common_v3_30_a/hdl/src/vhdl/system_xadc_0_pselect_f.vhd:167]
INFO: [Synth 8-638] synthesizing module 'system_xadc_0_pselect_f__parameterized22' [c:/Users/Ian/Desktop/OIST/RedPitaya/ReferenceTest/prj/v0.94/project/redpitaya.srcs/sources_1/bd/system/ip/system_xadc_0/proc_common_v3_30_a/hdl/src/vhdl/system_xadc_0_pselect_f.vhd:167]
	Parameter C_AB bound to: 4 - type: integer 
	Parameter C_AW bound to: 4 - type: integer 
	Parameter C_BAR bound to: 4'b1101 
	Parameter C_FAMILY bound to: nofamily - type: string 
INFO: [Synth 8-256] done synthesizing module 'system_xadc_0_pselect_f__parameterized22' (1#1) [c:/Users/Ian/Desktop/OIST/RedPitaya/ReferenceTest/prj/v0.94/project/redpitaya.srcs/sources_1/bd/system/ip/system_xadc_0/proc_common_v3_30_a/hdl/src/vhdl/system_xadc_0_pselect_f.vhd:167]
INFO: [Synth 8-638] synthesizing module 'system_xadc_0_pselect_f__parameterized23' [c:/Users/Ian/Desktop/OIST/RedPitaya/ReferenceTest/prj/v0.94/project/redpitaya.srcs/sources_1/bd/system/ip/system_xadc_0/proc_common_v3_30_a/hdl/src/vhdl/system_xadc_0_pselect_f.vhd:167]
	Parameter C_AB bound to: 4 - type: integer 
	Parameter C_AW bound to: 4 - type: integer 
	Parameter C_BAR bound to: 4'b1110 
	Parameter C_FAMILY bound to: nofamily - type: string 
INFO: [Synth 8-256] done synthesizing module 'system_xadc_0_pselect_f__parameterized23' (1#1) [c:/Users/Ian/Desktop/OIST/RedPitaya/ReferenceTest/prj/v0.94/project/redpitaya.srcs/sources_1/bd/system/ip/system_xadc_0/proc_common_v3_30_a/hdl/src/vhdl/system_xadc_0_pselect_f.vhd:167]
INFO: [Synth 8-638] synthesizing module 'system_xadc_0_pselect_f__parameterized24' [c:/Users/Ian/Desktop/OIST/RedPitaya/ReferenceTest/prj/v0.94/project/redpitaya.srcs/sources_1/bd/system/ip/system_xadc_0/proc_common_v3_30_a/hdl/src/vhdl/system_xadc_0_pselect_f.vhd:167]
	Parameter C_AB bound to: 4 - type: integer 
	Parameter C_AW bound to: 4 - type: integer 
	Parameter C_BAR bound to: 4'b1111 
	Parameter C_FAMILY bound to: nofamily - type: string 
INFO: [Synth 8-256] done synthesizing module 'system_xadc_0_pselect_f__parameterized24' (1#1) [c:/Users/Ian/Desktop/OIST/RedPitaya/ReferenceTest/prj/v0.94/project/redpitaya.srcs/sources_1/bd/system/ip/system_xadc_0/proc_common_v3_30_a/hdl/src/vhdl/system_xadc_0_pselect_f.vhd:167]
INFO: [Synth 8-638] synthesizing module 'system_xadc_0_pselect_f__parameterized25' [c:/Users/Ian/Desktop/OIST/RedPitaya/ReferenceTest/prj/v0.94/project/redpitaya.srcs/sources_1/bd/system/ip/system_xadc_0/proc_common_v3_30_a/hdl/src/vhdl/system_xadc_0_pselect_f.vhd:167]
	Parameter C_AB bound to: 1 - type: integer 
	Parameter C_AW bound to: 10 - type: integer 
	Parameter C_BAR bound to: 10'b1000000000 
	Parameter C_FAMILY bound to: nofamily - type: string 
INFO: [Synth 8-256] done synthesizing module 'system_xadc_0_pselect_f__parameterized25' (1#1) [c:/Users/Ian/Desktop/OIST/RedPitaya/ReferenceTest/prj/v0.94/project/redpitaya.srcs/sources_1/bd/system/ip/system_xadc_0/proc_common_v3_30_a/hdl/src/vhdl/system_xadc_0_pselect_f.vhd:167]
INFO: [Synth 8-256] done synthesizing module 'system_xadc_0_address_decoder' (2#1) [c:/Users/Ian/Desktop/OIST/RedPitaya/ReferenceTest/prj/v0.94/project/redpitaya.srcs/sources_1/bd/system/ip/system_xadc_0/axi_lite_ipif_v1_01_a/hdl/src/vhdl/system_xadc_0_address_decoder.vhd:176]
INFO: [Synth 8-226] default block is never used [c:/Users/Ian/Desktop/OIST/RedPitaya/ReferenceTest/prj/v0.94/project/redpitaya.srcs/sources_1/bd/system/ip/system_xadc_0/axi_lite_ipif_v1_01_a/hdl/src/vhdl/system_xadc_0_slave_attachment.vhd:381]
INFO: [Synth 8-256] done synthesizing module 'system_xadc_0_slave_attachment' (3#1) [c:/Users/Ian/Desktop/OIST/RedPitaya/ReferenceTest/prj/v0.94/project/redpitaya.srcs/sources_1/bd/system/ip/system_xadc_0/axi_lite_ipif_v1_01_a/hdl/src/vhdl/system_xadc_0_slave_attachment.vhd:227]
INFO: [Synth 8-256] done synthesizing module 'system_xadc_0_axi_lite_ipif' (4#1) [c:/Users/Ian/Desktop/OIST/RedPitaya/ReferenceTest/prj/v0.94/project/redpitaya.srcs/sources_1/bd/system/ip/system_xadc_0/axi_lite_ipif_v1_01_a/hdl/src/vhdl/system_xadc_0_axi_lite_ipif.vhd:241]
	Parameter C_S_AXI_ADDR_WIDTH bound to: 11 - type: integer 
	Parameter C_S_AXI_DATA_WIDTH bound to: 32 - type: integer 
	Parameter C_FAMILY bound to: virtex7 - type: string 
	Parameter CE_NUMBERS bound to: 9 - type: integer 
	Parameter IP_INTR_NUM bound to: 17 - type: integer 
	Parameter C_SIM_MONITOR_FILE bound to: design.txt - type: string 
	Parameter MUX_ADDR_NO bound to: 5 - type: integer 
INFO: [Synth 8-3491] module 'system_xadc_0_xadc_core_drp' declared at 'c:/Users/Ian/Desktop/OIST/RedPitaya/ReferenceTest/prj/v0.94/project/redpitaya.srcs/sources_1/bd/system/ip/system_xadc_0/system_xadc_0_xadc_core_drp.vhd:141' bound to instance 'AXI_XADC_CORE_I' of component 'system_xadc_0_xadc_core_drp' [c:/Users/Ian/Desktop/OIST/RedPitaya/ReferenceTest/prj/v0.94/project/redpitaya.srcs/sources_1/bd/system/ip/system_xadc_0/system_xadc_0_axi_xadc.vhd:705]
INFO: [Synth 8-638] synthesizing module 'system_xadc_0_xadc_core_drp' [c:/Users/Ian/Desktop/OIST/RedPitaya/ReferenceTest/prj/v0.94/project/redpitaya.srcs/sources_1/bd/system/ip/system_xadc_0/system_xadc_0_xadc_core_drp.vhd:194]
	Parameter C_S_AXI_ADDR_WIDTH bound to: 11 - type: integer 
	Parameter C_S_AXI_DATA_WIDTH bound to: 32 - type: integer 
	Parameter C_FAMILY bound to: virtex7 - type: string 
	Parameter CE_NUMBERS bound to: 9 - type: integer 
	Parameter IP_INTR_NUM bound to: 17 - type: integer 
	Parameter C_SIM_MONITOR_FILE bound to: design.txt - type: string 
	Parameter MUX_ADDR_NO bound to: 5 - type: integer 
	Parameter INIT_40 bound to: 16'b0000000000000000 
	Parameter INIT_41 bound to: 16'b1000000100000000 
	Parameter INIT_42 bound to: 16'b0000010000000000 
	Parameter INIT_43 bound to: 16'b0000000000000000 
	Parameter INIT_44 bound to: 16'b0000000000000000 
	Parameter INIT_45 bound to: 16'b0000000000000000 
	Parameter INIT_46 bound to: 16'b0000000000000000 
	Parameter INIT_47 bound to: 16'b0000000000000000 
	Parameter INIT_48 bound to: 16'b0000100000000000 
	Parameter INIT_49 bound to: 16'b0000001100000011 
	Parameter INIT_4A bound to: 16'b0000000000000000 
	Parameter INIT_4B bound to: 16'b0000000000000000 
	Parameter INIT_4C bound to: 16'b0000000000000000 
	Parameter INIT_4D bound to: 16'b0000000000000000 
	Parameter INIT_4E bound to: 16'b0000000000000000 
	Parameter INIT_4F bound to: 16'b0000000000000000 
	Parameter INIT_50 bound to: 16'b1011010111101101 
	Parameter INIT_51 bound to: 16'b0101011111100100 
	Parameter INIT_52 bound to: 16'b1010000101000111 
	Parameter INIT_53 bound to: 16'b1100101000110011 
	Parameter INIT_54 bound to: 16'b1010100100111010 
	Parameter INIT_55 bound to: 16'b0101001011000110 
	Parameter INIT_56 bound to: 16'b1001010101010101 
	Parameter INIT_57 bound to: 16'b1010111001001110 
	Parameter INIT_58 bound to: 16'b0101100110011001 
	Parameter INIT_59 bound to: 16'b0101010101010101 
	Parameter INIT_5A bound to: 16'b1001100110011001 
	Parameter INIT_5B bound to: 16'b0110101010101010 
	Parameter INIT_5C bound to: 16'b0101000100010001 
	Parameter INIT_5D bound to: 16'b0101000100010001 
	Parameter INIT_5E bound to: 16'b1001000111101011 
	Parameter INIT_5F bound to: 16'b0110011001100110 
	Parameter IS_CONVSTCLK_INVERTED bound to: 1'b0 
	Parameter IS_DCLK_INVERTED bound to: 1'b0 
	Parameter SIM_DEVICE bound to: ZYNQ - type: string 
	Parameter SIM_MONITOR_FILE bound to: design.txt - type: string 
INFO: [Synth 8-113] binding component instance 'XADC_INST' to cell 'XADC' [c:/Users/Ian/Desktop/OIST/RedPitaya/ReferenceTest/prj/v0.94/project/redpitaya.srcs/sources_1/bd/system/ip/system_xadc_0/system_xadc_0_xadc_core_drp.vhd:977]
INFO: [Synth 8-256] done synthesizing module 'system_xadc_0_xadc_core_drp' (5#1) [c:/Users/Ian/Desktop/OIST/RedPitaya/ReferenceTest/prj/v0.94/project/redpitaya.srcs/sources_1/bd/system/ip/system_xadc_0/system_xadc_0_xadc_core_drp.vhd:194]
INFO: [Synth 8-638] synthesizing module 'system_xadc_0_soft_reset' [c:/Users/Ian/Desktop/OIST/RedPitaya/ReferenceTest/prj/v0.94/project/redpitaya.srcs/sources_1/bd/system/ip/system_xadc_0/proc_common_v3_30_a/hdl/src/vhdl/system_xadc_0_soft_reset.vhd:142]
	Parameter C_SIPIF_DWIDTH bound to: 32 - type: integer 
	Parameter C_RESET_WIDTH bound to: 16 - type: integer 
	Parameter INIT bound to: 1'b0 
	Parameter IS_CE_INVERTED bound to: 1'b0 
	Parameter IS_C_INVERTED bound to: 1'b0 
	Parameter IS_D_INVERTED bound to: 1'b0 
	Parameter IS_R_INVERTED bound to: 1'b0 
	Parameter IS_S_INVERTED bound to: 1'b0 
INFO: [Synth 8-113] binding component instance 'RST_FLOPS' to cell 'FDRSE' [c:/Users/Ian/Desktop/OIST/RedPitaya/ReferenceTest/prj/v0.94/project/redpitaya.srcs/sources_1/bd/system/ip/system_xadc_0/proc_common_v3_30_a/hdl/src/vhdl/system_xadc_0_soft_reset.vhd:273]
	Parameter INIT bound to: 1'b0 
	Parameter IS_CE_INVERTED bound to: 1'b0 
	Parameter IS_C_INVERTED bound to: 1'b0 
	Parameter IS_D_INVERTED bound to: 1'b0 
	Parameter IS_R_INVERTED bound to: 1'b0 
	Parameter IS_S_INVERTED bound to: 1'b0 
INFO: [Synth 8-113] binding component instance 'RST_FLOPS' to cell 'FDRSE' [c:/Users/Ian/Desktop/OIST/RedPitaya/ReferenceTest/prj/v0.94/project/redpitaya.srcs/sources_1/bd/system/ip/system_xadc_0/proc_common_v3_30_a/hdl/src/vhdl/system_xadc_0_soft_reset.vhd:273]
	Parameter INIT bound to: 1'b0 
	Parameter IS_CE_INVERTED bound to: 1'b0 
	Parameter IS_C_INVERTED bound to: 1'b0 
	Parameter IS_D_INVERTED bound to: 1'b0 
	Parameter IS_R_INVERTED bound to: 1'b0 
	Parameter IS_S_INVERTED bound to: 1'b0 
INFO: [Synth 8-113] binding component instance 'RST_FLOPS' to cell 'FDRSE' [c:/Users/Ian/Desktop/OIST/RedPitaya/ReferenceTest/prj/v0.94/project/redpitaya.srcs/sources_1/bd/system/ip/system_xadc_0/proc_common_v3_30_a/hdl/src/vhdl/system_xadc_0_soft_reset.vhd:273]
	Parameter INIT bound to: 1'b0 
	Parameter IS_CE_INVERTED bound to: 1'b0 
	Parameter IS_C_INVERTED bound to: 1'b0 
	Parameter IS_D_INVERTED bound to: 1'b0 
	Parameter IS_R_INVERTED bound to: 1'b0 
	Parameter IS_S_INVERTED bound to: 1'b0 
INFO: [Synth 8-113] binding component instance 'RST_FLOPS' to cell 'FDRSE' [c:/Users/Ian/Desktop/OIST/RedPitaya/ReferenceTest/prj/v0.94/project/redpitaya.srcs/sources_1/bd/system/ip/system_xadc_0/proc_common_v3_30_a/hdl/src/vhdl/system_xadc_0_soft_reset.vhd:273]
	Parameter INIT bound to: 1'b0 
	Parameter IS_CE_INVERTED bound to: 1'b0 
	Parameter IS_C_INVERTED bound to: 1'b0 
	Parameter IS_D_INVERTED bound to: 1'b0 
	Parameter IS_R_INVERTED bound to: 1'b0 
	Parameter IS_S_INVERTED bound to: 1'b0 
INFO: [Synth 8-113] binding component instance 'RST_FLOPS' to cell 'FDRSE' [c:/Users/Ian/Desktop/OIST/RedPitaya/ReferenceTest/prj/v0.94/project/redpitaya.srcs/sources_1/bd/system/ip/system_xadc_0/proc_common_v3_30_a/hdl/src/vhdl/system_xadc_0_soft_reset.vhd:273]
	Parameter INIT bound to: 1'b0 
	Parameter IS_CE_INVERTED bound to: 1'b0 
	Parameter IS_C_INVERTED bound to: 1'b0 
	Parameter IS_D_INVERTED bound to: 1'b0 
	Parameter IS_R_INVERTED bound to: 1'b0 
	Parameter IS_S_INVERTED bound to: 1'b0 
INFO: [Synth 8-113] binding component instance 'RST_FLOPS' to cell 'FDRSE' [c:/Users/Ian/Desktop/OIST/RedPitaya/ReferenceTest/prj/v0.94/project/redpitaya.srcs/sources_1/bd/system/ip/system_xadc_0/proc_common_v3_30_a/hdl/src/vhdl/system_xadc_0_soft_reset.vhd:273]
	Parameter INIT bound to: 1'b0 
	Parameter IS_CE_INVERTED bound to: 1'b0 
	Parameter IS_C_INVERTED bound to: 1'b0 
	Parameter IS_D_INVERTED bound to: 1'b0 
	Parameter IS_R_INVERTED bound to: 1'b0 
	Parameter IS_S_INVERTED bound to: 1'b0 
INFO: [Synth 8-113] binding component instance 'RST_FLOPS' to cell 'FDRSE' [c:/Users/Ian/Desktop/OIST/RedPitaya/ReferenceTest/prj/v0.94/project/redpitaya.srcs/sources_1/bd/system/ip/system_xadc_0/proc_common_v3_30_a/hdl/src/vhdl/system_xadc_0_soft_reset.vhd:273]
	Parameter INIT bound to: 1'b0 
	Parameter IS_CE_INVERTED bound to: 1'b0 
	Parameter IS_C_INVERTED bound to: 1'b0 
	Parameter IS_D_INVERTED bound to: 1'b0 
	Parameter IS_R_INVERTED bound to: 1'b0 
	Parameter IS_S_INVERTED bound to: 1'b0 
INFO: [Synth 8-113] binding component instance 'RST_FLOPS' to cell 'FDRSE' [c:/Users/Ian/Desktop/OIST/RedPitaya/ReferenceTest/prj/v0.94/project/redpitaya.srcs/sources_1/bd/system/ip/system_xadc_0/proc_common_v3_30_a/hdl/src/vhdl/system_xadc_0_soft_reset.vhd:273]
	Parameter INIT bound to: 1'b0 
	Parameter IS_CE_INVERTED bound to: 1'b0 
	Parameter IS_C_INVERTED bound to: 1'b0 
	Parameter IS_D_INVERTED bound to: 1'b0 
	Parameter IS_R_INVERTED bound to: 1'b0 
	Parameter IS_S_INVERTED bound to: 1'b0 
INFO: [Synth 8-113] binding component instance 'RST_FLOPS' to cell 'FDRSE' [c:/Users/Ian/Desktop/OIST/RedPitaya/ReferenceTest/prj/v0.94/project/redpitaya.srcs/sources_1/bd/system/ip/system_xadc_0/proc_common_v3_30_a/hdl/src/vhdl/system_xadc_0_soft_reset.vhd:273]
	Parameter INIT bound to: 1'b0 
	Parameter IS_CE_INVERTED bound to: 1'b0 
	Parameter IS_C_INVERTED bound to: 1'b0 
	Parameter IS_D_INVERTED bound to: 1'b0 
	Parameter IS_R_INVERTED bound to: 1'b0 
	Parameter IS_S_INVERTED bound to: 1'b0 
INFO: [Synth 8-113] binding component instance 'RST_FLOPS' to cell 'FDRSE' [c:/Users/Ian/Desktop/OIST/RedPitaya/ReferenceTest/prj/v0.94/project/redpitaya.srcs/sources_1/bd/system/ip/system_xadc_0/proc_common_v3_30_a/hdl/src/vhdl/system_xadc_0_soft_reset.vhd:273]
	Parameter INIT bound to: 1'b0 
	Parameter IS_CE_INVERTED bound to: 1'b0 
	Parameter IS_C_INVERTED bound to: 1'b0 
	Parameter IS_D_INVERTED bound to: 1'b0 
	Parameter IS_R_INVERTED bound to: 1'b0 
	Parameter IS_S_INVERTED bound to: 1'b0 
INFO: [Synth 8-113] binding component instance 'RST_FLOPS' to cell 'FDRSE' [c:/Users/Ian/Desktop/OIST/RedPitaya/ReferenceTest/prj/v0.94/project/redpitaya.srcs/sources_1/bd/system/ip/system_xadc_0/proc_common_v3_30_a/hdl/src/vhdl/system_xadc_0_soft_reset.vhd:273]
	Parameter INIT bound to: 1'b0 
	Parameter IS_CE_INVERTED bound to: 1'b0 
	Parameter IS_C_INVERTED bound to: 1'b0 
	Parameter IS_D_INVERTED bound to: 1'b0 
	Parameter IS_R_INVERTED bound to: 1'b0 
	Parameter IS_S_INVERTED bound to: 1'b0 
INFO: [Synth 8-113] binding component instance 'RST_FLOPS' to cell 'FDRSE' [c:/Users/Ian/Desktop/OIST/RedPitaya/ReferenceTest/prj/v0.94/project/redpitaya.srcs/sources_1/bd/system/ip/system_xadc_0/proc_common_v3_30_a/hdl/src/vhdl/system_xadc_0_soft_reset.vhd:273]
	Parameter INIT bound to: 1'b0 
	Parameter IS_CE_INVERTED bound to: 1'b0 
	Parameter IS_C_INVERTED bound to: 1'b0 
	Parameter IS_D_INVERTED bound to: 1'b0 
	Parameter IS_R_INVERTED bound to: 1'b0 
	Parameter IS_S_INVERTED bound to: 1'b0 
INFO: [Synth 8-113] binding component instance 'RST_FLOPS' to cell 'FDRSE' [c:/Users/Ian/Desktop/OIST/RedPitaya/ReferenceTest/prj/v0.94/project/redpitaya.srcs/sources_1/bd/system/ip/system_xadc_0/proc_common_v3_30_a/hdl/src/vhdl/system_xadc_0_soft_reset.vhd:273]
	Parameter INIT bound to: 1'b0 
	Parameter IS_CE_INVERTED bound to: 1'b0 
	Parameter IS_C_INVERTED bound to: 1'b0 
	Parameter IS_D_INVERTED bound to: 1'b0 
	Parameter IS_R_INVERTED bound to: 1'b0 
	Parameter IS_S_INVERTED bound to: 1'b0 
INFO: [Synth 8-113] binding component instance 'RST_FLOPS' to cell 'FDRSE' [c:/Users/Ian/Desktop/OIST/RedPitaya/ReferenceTest/prj/v0.94/project/redpitaya.srcs/sources_1/bd/system/ip/system_xadc_0/proc_common_v3_30_a/hdl/src/vhdl/system_xadc_0_soft_reset.vhd:273]
	Parameter INIT bound to: 1'b0 
	Parameter IS_CE_INVERTED bound to: 1'b0 
	Parameter IS_C_INVERTED bound to: 1'b0 
	Parameter IS_D_INVERTED bound to: 1'b0 
	Parameter IS_R_INVERTED bound to: 1'b0 
	Parameter IS_S_INVERTED bound to: 1'b0 
INFO: [Synth 8-113] binding component instance 'RST_FLOPS' to cell 'FDRSE' [c:/Users/Ian/Desktop/OIST/RedPitaya/ReferenceTest/prj/v0.94/project/redpitaya.srcs/sources_1/bd/system/ip/system_xadc_0/proc_common_v3_30_a/hdl/src/vhdl/system_xadc_0_soft_reset.vhd:273]
	Parameter INIT bound to: 1'b0 
	Parameter IS_CE_INVERTED bound to: 1'b0 
	Parameter IS_C_INVERTED bound to: 1'b0 
	Parameter IS_D_INVERTED bound to: 1'b0 
	Parameter IS_R_INVERTED bound to: 1'b0 
	Parameter IS_S_INVERTED bound to: 1'b0 
INFO: [Synth 8-113] binding component instance 'RST_FLOPS' to cell 'FDRSE' [c:/Users/Ian/Desktop/OIST/RedPitaya/ReferenceTest/prj/v0.94/project/redpitaya.srcs/sources_1/bd/system/ip/system_xadc_0/proc_common_v3_30_a/hdl/src/vhdl/system_xadc_0_soft_reset.vhd:273]
	Parameter INIT bound to: 1'b0 
	Parameter IS_CE_INVERTED bound to: 1'b0 
	Parameter IS_C_INVERTED bound to: 1'b0 
	Parameter IS_D_INVERTED bound to: 1'b0 
	Parameter IS_R_INVERTED bound to: 1'b0 
	Parameter IS_S_INVERTED bound to: 1'b0 
INFO: [Synth 8-113] binding component instance 'FF_WRACK' to cell 'FDRSE' [c:/Users/Ian/Desktop/OIST/RedPitaya/ReferenceTest/prj/v0.94/project/redpitaya.srcs/sources_1/bd/system/ip/system_xadc_0/proc_common_v3_30_a/hdl/src/vhdl/system_xadc_0_soft_reset.vhd:296]
INFO: [Synth 8-256] done synthesizing module 'system_xadc_0_soft_reset' (6#1) [c:/Users/Ian/Desktop/OIST/RedPitaya/ReferenceTest/prj/v0.94/project/redpitaya.srcs/sources_1/bd/system/ip/system_xadc_0/proc_common_v3_30_a/hdl/src/vhdl/system_xadc_0_soft_reset.vhd:142]
INFO: [Synth 8-638] synthesizing module 'system_xadc_0_interrupt_control' [c:/Users/Ian/Desktop/OIST/RedPitaya/ReferenceTest/prj/v0.94/project/redpitaya.srcs/sources_1/bd/system/ip/system_xadc_0/interrupt_control_v2_01_a/hdl/src/vhdl/system_xadc_0_interrupt_control.vhd:240]
	Parameter C_NUM_CE bound to: 16 - type: integer 
	Parameter C_NUM_IPIF_IRPT_SRC bound to: 1 - type: integer 
	Parameter C_IP_INTR_MODE_ARRAY bound to: 544'b0000000000000000000000000000010100000000000000000000000000000101000000000000000000000000000001010000000000000000000000000000010100000000000000000000000000000101000000000000000000000000000001010000000000000000000000000000010100000000000000000000000000000101000000000000000000000000000001010000000000000000000000000000010100000000000000000000000000000101000000000000000000000000000001010000000000000000000000000000010100000000000000000000000000000101000000000000000000000000000001010000000000000000000000000000010100000000000000000000000000000101 
	Parameter C_INCLUDE_DEV_PENCODER bound to: 0 - type: bool 
	Parameter C_INCLUDE_DEV_ISC bound to: 0 - type: bool 
	Parameter C_IPIF_DWIDTH bound to: 32 - type: integer 
INFO: [Synth 8-256] done synthesizing module 'system_xadc_0_interrupt_control' (7#1) [c:/Users/Ian/Desktop/OIST/RedPitaya/ReferenceTest/prj/v0.94/project/redpitaya.srcs/sources_1/bd/system/ip/system_xadc_0/interrupt_control_v2_01_a/hdl/src/vhdl/system_xadc_0_interrupt_control.vhd:240]
INFO: [Synth 8-256] done synthesizing module 'system_xadc_0_axi_xadc' (8#1) [c:/Users/Ian/Desktop/OIST/RedPitaya/ReferenceTest/prj/v0.94/project/redpitaya.srcs/sources_1/bd/system/ip/system_xadc_0/system_xadc_0_axi_xadc.vhd:243]
INFO: [Synth 8-6155] done synthesizing module 'system_xadc_0' (9#1) [c:/Users/Ian/Desktop/OIST/RedPitaya/ReferenceTest/prj/v0.94/project/redpitaya.srcs/sources_1/bd/system/ip/system_xadc_0/system_xadc_0.v:53]
---------------------------------------------------------------------------------
Finished RTL Elaboration : Time (s): cpu = 00:00:07 ; elapsed = 00:00:08 . Memory (MB): peak = 1020.688 ; gain = 0.000
---------------------------------------------------------------------------------
---------------------------------------------------------------------------------
Start Handling Custom Attributes
---------------------------------------------------------------------------------
---------------------------------------------------------------------------------
Finished Handling Custom Attributes : Time (s): cpu = 00:00:08 ; elapsed = 00:00:09 . Memory (MB): peak = 1020.688 ; gain = 0.000
---------------------------------------------------------------------------------
---------------------------------------------------------------------------------
Finished RTL Optimization Phase 1 : Time (s): cpu = 00:00:08 ; elapsed = 00:00:09 . Memory (MB): peak = 1020.688 ; gain = 0.000
---------------------------------------------------------------------------------
Netlist sorting complete. Time (s): cpu = 00:00:00 ; elapsed = 00:00:00.022 . Memory (MB): peak = 1020.688 ; gain = 0.000
INFO: [Netlist 29-17] Analyzing 18 Unisim elements for replacement
INFO: [Netlist 29-28] Unisim Transformation completed in 0 CPU seconds
INFO: [Project 1-570] Preparing netlist for logic optimization

Processing XDC Constraints
Initializing timing engine
Parsing XDC File [c:/Users/Ian/Desktop/OIST/RedPitaya/ReferenceTest/prj/v0.94/project/redpitaya.srcs/sources_1/bd/system/ip/system_xadc_0/system_xadc_0_ooc.xdc] for cell 'inst'
Finished Parsing XDC File [c:/Users/Ian/Desktop/OIST/RedPitaya/ReferenceTest/prj/v0.94/project/redpitaya.srcs/sources_1/bd/system/ip/system_xadc_0/system_xadc_0_ooc.xdc] for cell 'inst'
Parsing XDC File [c:/Users/Ian/Desktop/OIST/RedPitaya/ReferenceTest/prj/v0.94/project/redpitaya.srcs/sources_1/bd/system/ip/system_xadc_0/system_xadc_0.xdc] for cell 'inst'
Finished Parsing XDC File [c:/Users/Ian/Desktop/OIST/RedPitaya/ReferenceTest/prj/v0.94/project/redpitaya.srcs/sources_1/bd/system/ip/system_xadc_0/system_xadc_0.xdc] for cell 'inst'
Parsing XDC File [C:/Users/Ian/Desktop/OIST/RedPitaya/ReferenceTest/prj/v0.94/project/redpitaya.runs/system_xadc_0_synth_1/dont_touch.xdc]
Finished Parsing XDC File [C:/Users/Ian/Desktop/OIST/RedPitaya/ReferenceTest/prj/v0.94/project/redpitaya.runs/system_xadc_0_synth_1/dont_touch.xdc]
Completed Processing XDC Constraints

Netlist sorting complete. Time (s): cpu = 00:00:00 ; elapsed = 00:00:00.001 . Memory (MB): peak = 1020.688 ; gain = 0.000
INFO: [Project 1-111] Unisim Transformation Summary:
  A total of 17 instances were transformed.
  FDRSE => FDRSE (FDRE, LUT4, VCC): 17 instances

Constraint Validation Runtime : Time (s): cpu = 00:00:00 ; elapsed = 00:00:00.050 . Memory (MB): peak = 1020.688 ; gain = 0.000
---------------------------------------------------------------------------------
Finished Constraint Validation : Time (s): cpu = 00:00:14 ; elapsed = 00:00:17 . Memory (MB): peak = 1020.688 ; gain = 0.000
---------------------------------------------------------------------------------
---------------------------------------------------------------------------------
Start Loading Part and Timing Information
---------------------------------------------------------------------------------
Loading part: xc7z010clg400-1
---------------------------------------------------------------------------------
Finished Loading Part and Timing Information : Time (s): cpu = 00:00:14 ; elapsed = 00:00:17 . Memory (MB): peak = 1020.688 ; gain = 0.000
---------------------------------------------------------------------------------
---------------------------------------------------------------------------------
Start Applying 'set_property' XDC Constraints
---------------------------------------------------------------------------------
Applied set_property DONT_TOUCH = true for inst. (constraint file  C:/Users/Ian/Desktop/OIST/RedPitaya/ReferenceTest/prj/v0.94/project/redpitaya.runs/system_xadc_0_synth_1/dont_touch.xdc, line 9).
---------------------------------------------------------------------------------
Finished applying 'set_property' XDC Constraints : Time (s): cpu = 00:00:14 ; elapsed = 00:00:17 . Memory (MB): peak = 1020.688 ; gain = 0.000
---------------------------------------------------------------------------------
INFO: [Synth 8-802] inferred FSM for state register 'state_reg' in module 'system_xadc_0_slave_attachment'
---------------------------------------------------------------------------------------------------
                   State |                     New Encoding |                Previous Encoding 
---------------------------------------------------------------------------------------------------
                 sm_idle |                             0010 |                               00
                 sm_read |                             1000 |                               01
                sm_write |                             0100 |                               10
                 sm_resp |                             0001 |                               11
---------------------------------------------------------------------------------------------------
INFO: [Synth 8-3354] encoded FSM with state register 'state_reg' using encoding 'one-hot' in module 'system_xadc_0_slave_attachment'
---------------------------------------------------------------------------------
Finished RTL Optimization Phase 2 : Time (s): cpu = 00:00:15 ; elapsed = 00:00:18 . Memory (MB): peak = 1020.688 ; gain = 0.000
---------------------------------------------------------------------------------
---------------------------------------------------------------------------------
Start RTL Component Statistics 
---------------------------------------------------------------------------------
Detailed RTL Component Info : 
+---Adders : 
	   2 Input    7 Bit       Adders := 1     
+---XORs : 
	   2 Input      1 Bit         XORs := 17    
+---Registers : 
	               32 Bit    Registers := 2     
	               17 Bit    Registers := 1     
	               16 Bit    Registers := 1     
	               11 Bit    Registers := 1     
	                9 Bit    Registers := 1     
	                7 Bit    Registers := 1     
	                2 Bit    Registers := 2     
	                1 Bit    Registers := 124   
+---Muxes : 
	   2 Input   32 Bit        Muxes := 3     
	   4 Input   18 Bit        Muxes := 1     
	   2 Input   10 Bit        Muxes := 1     
	   4 Input    4 Bit        Muxes := 1     
	   2 Input    4 Bit        Muxes := 6     
	   2 Input    2 Bit        Muxes := 2     
	   2 Input    1 Bit        Muxes := 53    
	   3 Input    1 Bit        Muxes := 1     
---------------------------------------------------------------------------------
Finished RTL Component Statistics 
---------------------------------------------------------------------------------
---------------------------------------------------------------------------------
Start Part Resource Summary
---------------------------------------------------------------------------------
Part Resources:
DSPs: 80 (col length:40)
BRAMs: 120 (col length: RAMB18 40 RAMB36 20)
---------------------------------------------------------------------------------
Finished Part Resource Summary
---------------------------------------------------------------------------------
---------------------------------------------------------------------------------
Start Cross Boundary and Area Optimization
---------------------------------------------------------------------------------
---------------------------------------------------------------------------------
Finished Cross Boundary and Area Optimization : Time (s): cpu = 00:00:18 ; elapsed = 00:00:21 . Memory (MB): peak = 1020.688 ; gain = 0.000
---------------------------------------------------------------------------------
---------------------------------------------------------------------------------
Start Applying XDC Timing Constraints
---------------------------------------------------------------------------------
---------------------------------------------------------------------------------
Finished Applying XDC Timing Constraints : Time (s): cpu = 00:00:27 ; elapsed = 00:00:31 . Memory (MB): peak = 1020.688 ; gain = 0.000
---------------------------------------------------------------------------------
---------------------------------------------------------------------------------
Start Timing Optimization
---------------------------------------------------------------------------------
---------------------------------------------------------------------------------
Finished Timing Optimization : Time (s): cpu = 00:00:28 ; elapsed = 00:00:31 . Memory (MB): peak = 1024.418 ; gain = 3.730
---------------------------------------------------------------------------------
---------------------------------------------------------------------------------
Start Technology Mapping
---------------------------------------------------------------------------------
---------------------------------------------------------------------------------
Finished Technology Mapping : Time (s): cpu = 00:00:28 ; elapsed = 00:00:32 . Memory (MB): peak = 1024.418 ; gain = 3.730
---------------------------------------------------------------------------------
---------------------------------------------------------------------------------
Start IO Insertion
---------------------------------------------------------------------------------
---------------------------------------------------------------------------------
Start Flattening Before IO Insertion
---------------------------------------------------------------------------------
---------------------------------------------------------------------------------
Finished Flattening Before IO Insertion
---------------------------------------------------------------------------------
---------------------------------------------------------------------------------
Start Final Netlist Cleanup
---------------------------------------------------------------------------------
---------------------------------------------------------------------------------
Finished Final Netlist Cleanup
---------------------------------------------------------------------------------
---------------------------------------------------------------------------------
Finished IO Insertion : Time (s): cpu = 00:00:32 ; elapsed = 00:00:36 . Memory (MB): peak = 1025.051 ; gain = 4.363
---------------------------------------------------------------------------------
---------------------------------------------------------------------------------
Start Renaming Generated Instances
---------------------------------------------------------------------------------
---------------------------------------------------------------------------------
Finished Renaming Generated Instances : Time (s): cpu = 00:00:32 ; elapsed = 00:00:36 . Memory (MB): peak = 1025.051 ; gain = 4.363
---------------------------------------------------------------------------------
---------------------------------------------------------------------------------
Start Rebuilding User Hierarchy
---------------------------------------------------------------------------------
---------------------------------------------------------------------------------
Finished Rebuilding User Hierarchy : Time (s): cpu = 00:00:32 ; elapsed = 00:00:36 . Memory (MB): peak = 1025.051 ; gain = 4.363
---------------------------------------------------------------------------------
---------------------------------------------------------------------------------
Start Renaming Generated Ports
---------------------------------------------------------------------------------
---------------------------------------------------------------------------------
Finished Renaming Generated Ports : Time (s): cpu = 00:00:32 ; elapsed = 00:00:36 . Memory (MB): peak = 1025.051 ; gain = 4.363
---------------------------------------------------------------------------------
---------------------------------------------------------------------------------
Start Handling Custom Attributes
---------------------------------------------------------------------------------
---------------------------------------------------------------------------------
Finished Handling Custom Attributes : Time (s): cpu = 00:00:32 ; elapsed = 00:00:36 . Memory (MB): peak = 1025.051 ; gain = 4.363
---------------------------------------------------------------------------------
---------------------------------------------------------------------------------
Start Renaming Generated Nets
---------------------------------------------------------------------------------
---------------------------------------------------------------------------------
Finished Renaming Generated Nets : Time (s): cpu = 00:00:32 ; elapsed = 00:00:36 . Memory (MB): peak = 1025.051 ; gain = 4.363
---------------------------------------------------------------------------------
---------------------------------------------------------------------------------
Start Writing Synthesis Report
---------------------------------------------------------------------------------

Report BlackBoxes: 
+-+--------------+----------+
| |BlackBox name |Instances |
+-+--------------+----------+
+-+--------------+----------+

Report Cell Usage: 
+------+-----+------+
|      |Cell |Count |
+------+-----+------+
|1     |LUT1 |     2|
|2     |LUT2 |    35|
|3     |LUT3 |    25|
|4     |LUT4 |    19|
|5     |LUT5 |    54|
|6     |LUT6 |    61|
|7     |XADC |     1|
|8     |FDRE |   206|
|9     |FDSE |    31|
+------+-----+------+
---------------------------------------------------------------------------------
Finished Writing Synthesis Report : Time (s): cpu = 00:00:32 ; elapsed = 00:00:36 . Memory (MB): peak = 1025.051 ; gain = 4.363
---------------------------------------------------------------------------------
Synthesis finished with 0 errors, 0 critical warnings and 0 warnings.
Synthesis Optimization Runtime : Time (s): cpu = 00:00:22 ; elapsed = 00:00:33 . Memory (MB): peak = 1025.051 ; gain = 4.363
Synthesis Optimization Complete : Time (s): cpu = 00:00:32 ; elapsed = 00:00:36 . Memory (MB): peak = 1025.051 ; gain = 4.363
INFO: [Project 1-571] Translating synthesized netlist
Netlist sorting complete. Time (s): cpu = 00:00:00 ; elapsed = 00:00:00.016 . Memory (MB): peak = 1025.051 ; gain = 0.000
INFO: [Netlist 29-17] Analyzing 1 Unisim elements for replacement
INFO: [Netlist 29-28] Unisim Transformation completed in 0 CPU seconds
INFO: [Project 1-570] Preparing netlist for logic optimization
INFO: [Opt 31-138] Pushed 0 inverter(s) to 0 load pin(s).
Netlist sorting complete. Time (s): cpu = 00:00:00 ; elapsed = 00:00:00 . Memory (MB): peak = 1027.371 ; gain = 0.000
INFO: [Project 1-111] Unisim Transformation Summary:
No Unisim elements were transformed.

INFO: [Common 17-83] Releasing license: Synthesis
108 Infos, 0 Warnings, 0 Critical Warnings and 0 Errors encountered.
synth_design completed successfully
synth_design: Time (s): cpu = 00:00:37 ; elapsed = 00:00:43 . Memory (MB): peak = 1027.371 ; gain = 6.684
INFO: [Common 17-1381] The checkpoint 'C:/Users/Ian/Desktop/OIST/RedPitaya/ReferenceTest/prj/v0.94/project/redpitaya.runs/system_xadc_0_synth_1/system_xadc_0.dcp' has been generated.
WARNING: [Common 17-576] 'use_project_ipc' is deprecated. This option is deprecated and no longer used.
INFO: [Coretcl 2-1648] Added synthesis output to IP cache for IP system_xadc_0, cache-ID = 4d349dc4a8a0d352
INFO: [Coretcl 2-1174] Renamed 7 cell refs.
INFO: [Common 17-1381] The checkpoint 'C:/Users/Ian/Desktop/OIST/RedPitaya/ReferenceTest/prj/v0.94/project/redpitaya.runs/system_xadc_0_synth_1/system_xadc_0.dcp' has been generated.
INFO: [runtcl-4] Executing : report_utilization -file system_xadc_0_utilization_synth.rpt -pb system_xadc_0_utilization_synth.pb
INFO: [Common 17-206] Exiting Vivado at Tue Aug 22 18:16:40 2023...
